[debug] [2019-11-28T01:45:05.901Z] ----------------------------------------------------------------------
[debug] [2019-11-28T01:45:05.903Z] Command:       C:\Program Files\nodejs\node.exe C:\Users\cezar\AppData\Roaming\npm\node_modules\firebase-tools\lib\bin\firebase.js serve --only functions
[debug] [2019-11-28T01:45:05.903Z] CLI Version:   7.4.0
[debug] [2019-11-28T01:45:05.903Z] Platform:      win32
[debug] [2019-11-28T01:45:05.903Z] Node Version:  v11.13.0
[debug] [2019-11-28T01:45:05.904Z] Time:          Wed Nov 27 2019 23:45:05 GMT-0200 (GMT-02:00)
[debug] [2019-11-28T01:45:05.904Z] ----------------------------------------------------------------------
[debug] 
[debug] [2019-11-28T01:45:05.917Z] > command requires scopes: ["email","openid","https://www.googleapis.com/auth/cloudplatformprojects.readonly","https://www.googleapis.com/auth/firebase","https://www.googleapis.com/auth/cloud-platform"]
[debug] [2019-11-28T01:45:05.917Z] > authorizing via signed-in user
[debug] [2019-11-28T01:45:05.917Z] [iam] checking project meunoovapp for permissions ["firebase.projects.get"]
[debug] [2019-11-28T01:45:05.921Z] > refreshing access token with scopes: ["email","https://www.googleapis.com/auth/cloud-platform","https://www.googleapis.com/auth/cloudplatformprojects.readonly","https://www.googleapis.com/auth/firebase","openid"]
[debug] [2019-11-28T01:45:05.921Z] >>> HTTP REQUEST POST https://www.googleapis.com/oauth2/v3/token  
 <request body omitted>
[debug] [2019-11-28T01:45:06.267Z] <<< HTTP RESPONSE 200
[debug] [2019-11-28T01:45:06.272Z] >>> HTTP REQUEST POST https://cloudresourcemanager.googleapis.com/v1/projects/meunoovapp:testIamPermissions  

[debug] [2019-11-28T01:45:07.438Z] <<< HTTP RESPONSE 200
[debug] [2019-11-28T01:45:07.439Z] >>> HTTP REQUEST GET https://firebase.googleapis.com/v1beta1/projects/meunoovapp  
 
[debug] [2019-11-28T01:45:09.022Z] <<< HTTP RESPONSE 200
[warn] !  Your requested "node" version "8" doesn't match your global version "11"
[info] +  functions: Emulator started at http://localhost:5000
[info] i  functions: Watching "C:\GTH\barber-flash\backend" for Cloud Functions...
[debug] [2019-11-28T01:45:09.673Z] [runtime-status] Functions runtime initialized. {"cwd":"C:\\GTH\\barber-flash\\backend","node_version":"11.13.0"}
[debug] [2019-11-28T01:45:09.674Z] [runtime-status] Disabled runtime features: {"functions_config_helper":true,"network_filtering":true,"timeout":true,"memory_limiting":true,"admin_stubs":true} {}
[debug] [2019-11-28T01:45:09.679Z] [runtime-status] Resolved module firebase-admin {"declared":true,"installed":true,"version":"7.0.0","resolution":"C:\\GTH\\barber-flash\\backend\\node_modules\\firebase-admin\\lib\\index.js"}
[warn] !  The Cloud Functions emulator requires the module "firebase-admin" to be version >8.0.0 so your version is too old. You can probably fix this by running "npm install firebase-admin@latest" in your functions directory.
[info] i  functions: Your functions could not be parsed due to an issue with your node_modules (see above)
[debug] [2019-11-28T01:45:43.805Z] File C:\GTH\barber-flash\backend\src\database\repositories\productRepository.js changed, reloading triggers
[debug] [2019-11-28T01:45:45.081Z] [runtime-status] Functions runtime initialized. {"cwd":"C:\\GTH\\barber-flash\\backend","node_version":"11.13.0"}
[debug] [2019-11-28T01:45:45.081Z] [runtime-status] Disabled runtime features: {"functions_config_helper":true,"network_filtering":true,"timeout":true,"memory_limiting":true,"admin_stubs":true} {}
[debug] [2019-11-28T01:45:45.083Z] [runtime-status] Resolved module firebase-admin {"declared":true,"installed":true,"version":"7.0.0","resolution":"C:\\GTH\\barber-flash\\backend\\node_modules\\firebase-admin\\lib\\index.js"}
[warn] !  The Cloud Functions emulator requires the module "firebase-admin" to be version >8.0.0 so your version is too old. You can probably fix this by running "npm install firebase-admin@latest" in your functions directory.
[info] i  functions: Your functions could not be parsed due to an issue with your node_modules (see above)
[debug] [2019-11-28T01:47:06.335Z] File C:\GTH\barber-flash\backend\src\database\repositories\productRepository.js changed, reloading triggers
[debug] [2019-11-28T01:47:07.638Z] [runtime-status] Functions runtime initialized. {"cwd":"C:\\GTH\\barber-flash\\backend","node_version":"11.13.0"}
[debug] [2019-11-28T01:47:07.638Z] [runtime-status] Disabled runtime features: {"functions_config_helper":true,"network_filtering":true,"timeout":true,"memory_limiting":true,"admin_stubs":true} {}
[debug] [2019-11-28T01:47:07.642Z] [runtime-status] Resolved module firebase-admin {"declared":true,"installed":true,"version":"7.0.0","resolution":"C:\\GTH\\barber-flash\\backend\\node_modules\\firebase-admin\\lib\\index.js"}
[warn] !  The Cloud Functions emulator requires the module "firebase-admin" to be version >8.0.0 so your version is too old. You can probably fix this by running "npm install firebase-admin@latest" in your functions directory.
[info] i  functions: Your functions could not be parsed due to an issue with your node_modules (see above)
[debug] [2019-11-28T01:52:36.070Z] File C:\GTH\barber-flash\backend\src\database\repositories\customerRepository.js changed, reloading triggers
[debug] [2019-11-28T01:52:37.592Z] [runtime-status] Functions runtime initialized. {"cwd":"C:\\GTH\\barber-flash\\backend","node_version":"11.13.0"}
[debug] [2019-11-28T01:52:37.592Z] [runtime-status] Disabled runtime features: {"functions_config_helper":true,"network_filtering":true,"timeout":true,"memory_limiting":true,"admin_stubs":true} {}
[debug] [2019-11-28T01:52:37.599Z] [runtime-status] Resolved module firebase-admin {"declared":true,"installed":true,"version":"7.0.0","resolution":"C:\\GTH\\barber-flash\\backend\\node_modules\\firebase-admin\\lib\\index.js"}
[warn] !  The Cloud Functions emulator requires the module "firebase-admin" to be version >8.0.0 so your version is too old. You can probably fix this by running "npm install firebase-admin@latest" in your functions directory.
[info] i  functions: Your functions could not be parsed due to an issue with your node_modules (see above)
[debug] [2019-11-28T02:10:30.432Z] ----------------------------------------------------------------------
[debug] [2019-11-28T02:10:30.434Z] Command:       C:\Program Files\nodejs\node.exe C:\Users\cezar\AppData\Roaming\npm\node_modules\firebase-tools\lib\bin\firebase.js serve --only functions
[debug] [2019-11-28T02:10:30.434Z] CLI Version:   7.4.0
[debug] [2019-11-28T02:10:30.434Z] Platform:      win32
[debug] [2019-11-28T02:10:30.434Z] Node Version:  v11.13.0
[debug] [2019-11-28T02:10:30.435Z] Time:          Thu Nov 28 2019 00:10:30 GMT-0200 (GMT-02:00)
[debug] [2019-11-28T02:10:30.435Z] ----------------------------------------------------------------------
[debug] 
[debug] [2019-11-28T02:10:30.443Z] > command requires scopes: ["email","openid","https://www.googleapis.com/auth/cloudplatformprojects.readonly","https://www.googleapis.com/auth/firebase","https://www.googleapis.com/auth/cloud-platform"]
[debug] [2019-11-28T02:10:30.443Z] > authorizing via signed-in user
[debug] [2019-11-28T02:10:30.443Z] [iam] checking project meunoovapp for permissions ["firebase.projects.get"]
[debug] [2019-11-28T02:10:30.444Z] >>> HTTP REQUEST POST https://cloudresourcemanager.googleapis.com/v1/projects/meunoovapp:testIamPermissions  

[debug] [2019-11-28T02:10:31.544Z] <<< HTTP RESPONSE 200
[debug] [2019-11-28T02:10:31.545Z] >>> HTTP REQUEST GET https://firebase.googleapis.com/v1beta1/projects/meunoovapp  
 
[debug] [2019-11-28T02:10:33.084Z] <<< HTTP RESPONSE 200
[warn] !  Your requested "node" version "8" doesn't match your global version "11"
[info] +  functions: Emulator started at http://localhost:5000
[info] i  functions: Watching "C:\GTH\barber-flash\backend" for Cloud Functions...
[debug] [2019-11-28T02:10:33.648Z] [runtime-status] Functions runtime initialized. {"cwd":"C:\\GTH\\barber-flash\\backend","node_version":"11.13.0"}
[debug] [2019-11-28T02:10:33.648Z] [runtime-status] Disabled runtime features: {"functions_config_helper":true,"network_filtering":true,"timeout":true,"memory_limiting":true,"admin_stubs":true} {}
[debug] [2019-11-28T02:10:33.650Z] [runtime-status] Resolved module firebase-admin {"declared":true,"installed":true,"version":"7.0.0","resolution":"C:\\GTH\\barber-flash\\backend\\node_modules\\firebase-admin\\lib\\index.js"}
[warn] !  The Cloud Functions emulator requires the module "firebase-admin" to be version >8.0.0 so your version is too old. You can probably fix this by running "npm install firebase-admin@latest" in your functions directory.
[info] i  functions: Your functions could not be parsed due to an issue with your node_modules (see above)
[debug] [2019-11-28T02:13:11.288Z] File C:\GTH\barber-flash\backend\src\database\repositories\customerRepository.js changed, reloading triggers
[debug] [2019-11-28T02:13:12.576Z] [runtime-status] Functions runtime initialized. {"cwd":"C:\\GTH\\barber-flash\\backend","node_version":"11.13.0"}
[debug] [2019-11-28T02:13:12.576Z] [runtime-status] Disabled runtime features: {"functions_config_helper":true,"network_filtering":true,"timeout":true,"memory_limiting":true,"admin_stubs":true} {}
[debug] [2019-11-28T02:13:12.580Z] [runtime-status] Resolved module firebase-admin {"declared":true,"installed":true,"version":"7.0.0","resolution":"C:\\GTH\\barber-flash\\backend\\node_modules\\firebase-admin\\lib\\index.js"}
[warn] !  The Cloud Functions emulator requires the module "firebase-admin" to be version >8.0.0 so your version is too old. You can probably fix this by running "npm install firebase-admin@latest" in your functions directory.
[info] i  functions: Your functions could not be parsed due to an issue with your node_modules (see above)
[debug] [2019-11-28T02:32:46.877Z] File C:\GTH\barber-flash\backend\src\database\repositories\customerRepository.js changed, reloading triggers
[debug] [2019-11-28T02:32:48.161Z] [runtime-status] Functions runtime initialized. {"cwd":"C:\\GTH\\barber-flash\\backend","node_version":"11.13.0"}
[debug] [2019-11-28T02:32:48.161Z] [runtime-status] Disabled runtime features: {"functions_config_helper":true,"network_filtering":true,"timeout":true,"memory_limiting":true,"admin_stubs":true} {}
[debug] [2019-11-28T02:32:48.165Z] [runtime-status] Resolved module firebase-admin {"declared":true,"installed":true,"version":"7.0.0","resolution":"C:\\GTH\\barber-flash\\backend\\node_modules\\firebase-admin\\lib\\index.js"}
[warn] !  The Cloud Functions emulator requires the module "firebase-admin" to be version >8.0.0 so your version is too old. You can probably fix this by running "npm install firebase-admin@latest" in your functions directory.
[info] i  functions: Your functions could not be parsed due to an issue with your node_modules (see above)
[debug] [2019-11-28T02:36:53.798Z] File C:\GTH\barber-flash\backend\src\database\repositories\customerRepository.js changed, reloading triggers
[debug] [2019-11-28T02:36:55.084Z] [runtime-status] Functions runtime initialized. {"cwd":"C:\\GTH\\barber-flash\\backend","node_version":"11.13.0"}
[debug] [2019-11-28T02:36:55.084Z] [runtime-status] Disabled runtime features: {"functions_config_helper":true,"network_filtering":true,"timeout":true,"memory_limiting":true,"admin_stubs":true} {}
[debug] [2019-11-28T02:36:55.088Z] [runtime-status] Resolved module firebase-admin {"declared":true,"installed":true,"version":"7.0.0","resolution":"C:\\GTH\\barber-flash\\backend\\node_modules\\firebase-admin\\lib\\index.js"}
[warn] !  The Cloud Functions emulator requires the module "firebase-admin" to be version >8.0.0 so your version is too old. You can probably fix this by running "npm install firebase-admin@latest" in your functions directory.
[info] i  functions: Your functions could not be parsed due to an issue with your node_modules (see above)
[debug] [2019-11-28T02:39:26.045Z] File C:\GTH\barber-flash\backend\src\database\repositories\customerRepository.js changed, reloading triggers
[debug] [2019-11-28T02:39:27.324Z] [runtime-status] Functions runtime initialized. {"cwd":"C:\\GTH\\barber-flash\\backend","node_version":"11.13.0"}
[debug] [2019-11-28T02:39:27.324Z] [runtime-status] Disabled runtime features: {"functions_config_helper":true,"network_filtering":true,"timeout":true,"memory_limiting":true,"admin_stubs":true} {}
[debug] [2019-11-28T02:39:27.327Z] [runtime-status] Resolved module firebase-admin {"declared":true,"installed":true,"version":"7.0.0","resolution":"C:\\GTH\\barber-flash\\backend\\node_modules\\firebase-admin\\lib\\index.js"}
[warn] !  The Cloud Functions emulator requires the module "firebase-admin" to be version >8.0.0 so your version is too old. You can probably fix this by running "npm install firebase-admin@latest" in your functions directory.
[info] i  functions: Your functions could not be parsed due to an issue with your node_modules (see above)
[debug] [2019-11-28T02:39:27.617Z] File C:\GTH\barber-flash\backend\src\database\repositories\customerRepository.js changed, reloading triggers
[debug] [2019-11-28T02:39:28.890Z] [runtime-status] Functions runtime initialized. {"cwd":"C:\\GTH\\barber-flash\\backend","node_version":"11.13.0"}
[debug] [2019-11-28T02:39:28.891Z] [runtime-status] Disabled runtime features: {"functions_config_helper":true,"network_filtering":true,"timeout":true,"memory_limiting":true,"admin_stubs":true} {}
[debug] [2019-11-28T02:39:28.893Z] [runtime-status] Resolved module firebase-admin {"declared":true,"installed":true,"version":"7.0.0","resolution":"C:\\GTH\\barber-flash\\backend\\node_modules\\firebase-admin\\lib\\index.js"}
[warn] !  The Cloud Functions emulator requires the module "firebase-admin" to be version >8.0.0 so your version is too old. You can probably fix this by running "npm install firebase-admin@latest" in your functions directory.
[info] i  functions: Your functions could not be parsed due to an issue with your node_modules (see above)
[debug] [2019-11-28T20:56:18.745Z] ----------------------------------------------------------------------
[debug] [2019-11-28T20:56:18.747Z] Command:       C:\Program Files\nodejs\node.exe C:\Users\cezar\AppData\Roaming\npm\node_modules\firebase-tools\lib\bin\firebase.js use production
[debug] [2019-11-28T20:56:18.747Z] CLI Version:   7.4.0
[debug] [2019-11-28T20:56:18.747Z] Platform:      win32
[debug] [2019-11-28T20:56:18.747Z] Node Version:  v11.13.0
[debug] [2019-11-28T20:56:18.751Z] Time:          Thu Nov 28 2019 18:56:18 GMT-0200 (GMT-02:00)
[debug] [2019-11-28T20:56:18.752Z] ----------------------------------------------------------------------
[debug] 
[debug] [2019-11-28T20:56:18.759Z] > command requires scopes: ["email","openid","https://www.googleapis.com/auth/cloudplatformprojects.readonly","https://www.googleapis.com/auth/firebase","https://www.googleapis.com/auth/cloud-platform"]
[debug] [2019-11-28T20:56:18.759Z] > authorizing via signed-in user
[debug] [2019-11-28T20:56:18.761Z] > refreshing access token with scopes: ["email","https://www.googleapis.com/auth/cloud-platform","https://www.googleapis.com/auth/cloudplatformprojects.readonly","https://www.googleapis.com/auth/firebase","openid"]
[debug] [2019-11-28T20:56:18.762Z] >>> HTTP REQUEST POST https://www.googleapis.com/oauth2/v3/token  
 <request body omitted>
